2021-12-15 11:38:57,746 [INFO] -- LOAD DATA
2021-12-15 11:39:03,506 [INFO] -- LOAD TRANSFORMER
2021-12-15 11:39:07,286 [INFO] -- TRANSLATE
2021-12-15 11:39:07,346 [INFO] -- [0] ein mann steht auf einem baugerüst . ->  twig twig twig twig twig twig twig twig twig twig twig twig twig
2021-12-15 11:39:07,390 [INFO] -- [1] männer spielen auf trommeln . ->  twig twig twig twig twig twig twig twig twig twig twig
2021-12-15 11:39:07,442 [INFO] -- [2] ein kind läuft auf einem weg . ->  twig twig twig twig twig twig twig twig twig twig twig twig twig
2021-12-15 11:39:07,442 [INFO] -- BEGIN TRAINING
2021-12-15 11:40:57,404 [INFO] -- [5]	loss(train): 3.943	loss(val): 3.848	time: 22.465s
2021-12-15 11:42:45,356 [INFO] -- [10]	loss(train): 3.320	loss(val): 3.349	time: 20.770s
2021-12-15 11:44:33,516 [INFO] -- [15]	loss(train): 2.943	loss(val): 3.080	time: 20.818s
2021-12-15 11:46:27,027 [INFO] -- [20]	loss(train): 2.663	loss(val): 2.890	time: 20.776s
2021-12-15 11:48:20,102 [INFO] -- [25]	loss(train): 2.429	loss(val): 2.752	time: 24.087s
2021-12-15 11:50:10,244 [INFO] -- [30]	loss(train): 2.220	loss(val): 2.657	time: 20.810s
2021-12-15 11:52:04,026 [INFO] -- [35]	loss(train): 2.024	loss(val): 2.559	time: 22.364s
2021-12-15 11:53:55,060 [INFO] -- [40]	loss(train): 1.848	loss(val): 2.471	time: 20.779s
2021-12-15 11:55:48,198 [INFO] -- [45]	loss(train): 1.677	loss(val): 2.417	time: 20.936s
2021-12-15 11:57:36,577 [INFO] -- [50]	loss(train): 1.525	loss(val): 2.376	time: 20.795s
2021-12-15 11:59:26,679 [INFO] -- [55]	loss(train): 1.390	loss(val): 2.346	time: 20.840s
2021-12-15 12:01:15,571 [INFO] -- [60]	loss(train): 1.267	loss(val): 2.340	time: 20.812s
2021-12-15 12:03:03,494 [INFO] -- [65]	loss(train): 1.166	loss(val): 2.337	time: 20.824s
2021-12-15 12:04:49,916 [INFO] -- [70]	loss(train): 1.064	loss(val): 2.318	time: 20.826s
2021-12-15 12:06:36,755 [INFO] -- [75]	loss(train): 1.031	loss(val): 2.322	time: 20.986s
2021-12-15 12:08:26,198 [INFO] -- [80]	loss(train): 1.023	loss(val): 2.325	time: 22.145s
2021-12-15 12:10:13,236 [INFO] -- [85]	loss(train): 1.017	loss(val): 2.314	time: 20.762s
2021-12-15 12:11:58,958 [INFO] -- [90]	loss(train): 1.017	loss(val): 2.315	time: 20.784s
2021-12-15 12:13:44,382 [INFO] -- [95]	loss(train): 1.017	loss(val): 2.315	time: 20.739s
2021-12-15 12:15:30,059 [INFO] -- [100]	loss(train): 1.014	loss(val): 2.315	time: 20.904s
2021-12-15 12:17:16,963 [INFO] -- [105]	loss(train): 1.013	loss(val): 2.316	time: 20.938s
2021-12-15 12:19:02,790 [INFO] -- [110]	loss(train): 1.012	loss(val): 2.316	time: 20.831s
2021-12-15 12:20:48,928 [INFO] -- [115]	loss(train): 1.011	loss(val): 2.316	time: 20.881s
2021-12-15 12:22:35,215 [INFO] -- [120]	loss(train): 1.009	loss(val): 2.316	time: 20.913s
2021-12-15 12:24:21,290 [INFO] -- [125]	loss(train): 1.008	loss(val): 2.316	time: 20.839s
2021-12-15 12:26:07,549 [INFO] -- [130]	loss(train): 1.005	loss(val): 2.316	time: 21.026s
2021-12-15 12:27:54,185 [INFO] -- [135]	loss(train): 1.006	loss(val): 2.317	time: 20.978s
2021-12-15 12:29:43,951 [INFO] -- [140]	loss(train): 1.004	loss(val): 2.317	time: 22.140s
2021-12-15 12:31:36,347 [INFO] -- [145]	loss(train): 1.003	loss(val): 2.316	time: 22.124s
2021-12-15 12:33:28,372 [INFO] -- [150]	loss(train): 1.002	loss(val): 2.317	time: 22.049s
2021-12-15 12:35:20,401 [INFO] -- [155]	loss(train): 1.001	loss(val): 2.318	time: 22.071s
2021-12-15 12:37:12,442 [INFO] -- [160]	loss(train): 0.999	loss(val): 2.318	time: 22.063s
2021-12-15 12:37:19,240 [INFO] -- User interrupted training, trying to proceed and save model
2021-12-15 12:37:19,933 [INFO] -- Loaded best model from checkpoint
2021-12-15 12:37:19,933 [INFO] -- [68]	loss(train): 1.082	loss(val): 2.312
2021-12-15 12:37:19,934 [INFO] -- TRANSLATE
2021-12-15 12:37:19,999 [INFO] -- [0] ein mann steht auf einem baugerüst . ->  A military worker is standing on a wooden mat that has been placed
2021-12-15 12:37:20,035 [INFO] -- [1] männer spielen auf trommeln . ->  I am playing the drums . 
2021-12-15 12:37:20,099 [INFO] -- [2] ein kind läuft auf einem weg . ->  A kid is running on a toy course while wearing a protective gear
