2021-12-15 12:52:23,680 [INFO] -- LOAD DATA
2021-12-15 12:52:29,482 [INFO] -- LOAD TRANSFORMER
2021-12-15 12:52:33,316 [INFO] -- TRANSLATE
2021-12-15 12:52:33,373 [INFO] -- [0] ein mann steht auf einem baugerüst . ->  glides taping taping leapfrog levitating Kicking running given mopping given drawers managed Kicking
2021-12-15 12:52:33,416 [INFO] -- [1] männer spielen auf trommeln . ->  glides taping taping mopping levitating Kicking running given mopping cop drawers
2021-12-15 12:52:33,466 [INFO] -- [2] ein kind läuft auf einem weg . ->  glides taping taping mopping levitating Kicking running given mopping levitating drawers managed Kicking
2021-12-15 12:52:33,466 [INFO] -- BEGIN TRAINING
2021-12-15 12:54:28,471 [INFO] -- [5]	loss(train): 4.005	loss(val): 3.868	time: 22.845s
2021-12-15 12:56:21,990 [INFO] -- [10]	loss(train): 3.403	loss(val): 3.411	time: 22.830s
2021-12-15 12:58:17,161 [INFO] -- [15]	loss(train): 2.949	loss(val): 3.016	time: 22.834s
2021-12-15 13:00:09,849 [INFO] -- [20]	loss(train): 2.595	loss(val): 2.689	time: 22.759s
2021-12-15 13:02:08,977 [INFO] -- [25]	loss(train): 2.272	loss(val): 2.437	time: 22.806s
2021-12-15 13:04:02,421 [INFO] -- [30]	loss(train): 2.017	loss(val): 2.268	time: 21.130s
2021-12-15 13:05:54,222 [INFO] -- [35]	loss(train): 1.813	loss(val): 2.180	time: 21.179s
2021-12-15 13:07:49,301 [INFO] -- [40]	loss(train): 1.641	loss(val): 2.088	time: 21.131s
2021-12-15 13:09:42,389 [INFO] -- [45]	loss(train): 1.499	loss(val): 2.028	time: 22.782s
2021-12-15 13:11:37,531 [INFO] -- [50]	loss(train): 1.373	loss(val): 1.991	time: 21.110s
2021-12-15 13:13:32,071 [INFO] -- [55]	loss(train): 1.263	loss(val): 1.964	time: 21.190s
2021-12-15 13:15:22,679 [INFO] -- [60]	loss(train): 1.165	loss(val): 1.954	time: 21.131s
2021-12-15 13:17:14,815 [INFO] -- [65]	loss(train): 1.074	loss(val): 1.944	time: 21.206s
2021-12-15 13:19:03,777 [INFO] -- [70]	loss(train): 0.994	loss(val): 1.949	time: 21.122s
2021-12-15 13:20:51,590 [INFO] -- [75]	loss(train): 0.931	loss(val): 1.942	time: 21.127s
2021-12-15 13:22:39,397 [INFO] -- [80]	loss(train): 0.912	loss(val): 1.947	time: 21.155s
2021-12-15 13:24:26,621 [INFO] -- [85]	loss(train): 0.895	loss(val): 1.944	time: 21.144s
2021-12-15 13:26:13,863 [INFO] -- [90]	loss(train): 0.888	loss(val): 1.944	time: 21.109s
2021-12-15 13:28:01,139 [INFO] -- [95]	loss(train): 0.888	loss(val): 1.945	time: 21.143s
2021-12-15 13:29:48,353 [INFO] -- [100]	loss(train): 0.887	loss(val): 1.945	time: 21.115s
2021-12-15 13:31:35,629 [INFO] -- [105]	loss(train): 0.885	loss(val): 1.945	time: 21.133s
2021-12-15 13:33:22,932 [INFO] -- [110]	loss(train): 0.882	loss(val): 1.945	time: 21.177s
2021-12-15 13:33:31,635 [INFO] -- User interrupted training, trying to proceed and save model
2021-12-15 13:33:32,358 [INFO] -- Loaded best model from checkpoint
2021-12-15 13:33:32,358 [INFO] -- [79]	loss(train): 0.914	loss(val): 1.942
2021-12-15 13:33:32,359 [INFO] -- TRANSLATE
2021-12-15 13:33:32,380 [INFO] -- [0] ein mann steht auf einem baugerüst . ->  on a dock . 
2021-12-15 13:33:32,401 [INFO] -- [1] männer spielen auf trommeln . ->  on the drums . 
2021-12-15 13:33:32,421 [INFO] -- [2] ein kind läuft auf einem weg . ->  on a jump . 
